<?xml version="1.0" encoding="UTF-8"?>
<testng-results ignored="2" total="5" passed="3" failed="0" skipped="0">
  <reporter-output>
    <line>
      <![CDATA[user created]]>
    </line>
    <line>
      <![CDATA[All Customers customer is created successfully]]>
    </line>
    <line>
      <![CDATA[KARNATAKA BANK project is created successfully]]>
    </line>
  </reporter-output>
  <suite started-at="2025-03-06T21:36:05 IST" name="Suite" finished-at="2025-03-06T21:36:30 IST" duration-ms="25135">
    <groups>
    </groups>
    <test started-at="2025-03-06T21:36:05 IST" name="Test" finished-at="2025-03-06T21:36:30 IST" duration-ms="25135">
      <class name="com.actiTime.testScripts.TaskModule">
        <test-method is-config="true" signature="login()[pri:0, instance:com.actiTime.testScripts.TaskModule@245b4bdc]" started-at="2025-03-06T21:36:16 IST" name="login" finished-at="2025-03-06T21:36:17 IST" duration-ms="482" status="PASS">
          <reporter-output>
          </reporter-output>
        </test-method> <!-- login -->
        <test-method signature="createNewCust()[pri:0, instance:com.actiTime.testScripts.TaskModule@245b4bdc]" started-at="2025-03-06T21:36:17 IST" name="createNewCust" finished-at="2025-03-06T21:36:19 IST" duration-ms="2767" status="PASS">
          <reporter-output>
            <line>
              <![CDATA[All Customers customer is created successfully]]>
            </line>
          </reporter-output>
        </test-method> <!-- createNewCust -->
        <test-method is-config="true" signature="logout()[pri:0, instance:com.actiTime.testScripts.TaskModule@245b4bdc]" started-at="2025-03-06T21:36:19 IST" name="logout" finished-at="2025-03-06T21:36:23 IST" duration-ms="3279" status="PASS">
          <reporter-output>
          </reporter-output>
        </test-method> <!-- logout -->
        <test-method is-config="true" signature="login()[pri:0, instance:com.actiTime.testScripts.TaskModule@245b4bdc]" started-at="2025-03-06T21:36:23 IST" name="login" finished-at="2025-03-06T21:36:23 IST" duration-ms="468" status="PASS">
          <reporter-output>
          </reporter-output>
        </test-method> <!-- login -->
        <test-method signature="createNewProject()[pri:0, instance:com.actiTime.testScripts.TaskModule@245b4bdc]" started-at="2025-03-06T21:36:23 IST" name="createNewProject" finished-at="2025-03-06T21:36:26 IST" duration-ms="2484" status="PASS">
          <reporter-output>
            <line>
              <![CDATA[KARNATAKA BANK project is created successfully]]>
            </line>
          </reporter-output>
        </test-method> <!-- createNewProject -->
        <test-method is-config="true" signature="logout()[pri:0, instance:com.actiTime.testScripts.TaskModule@245b4bdc]" started-at="2025-03-06T21:36:26 IST" name="logout" finished-at="2025-03-06T21:36:29 IST" duration-ms="3305" status="PASS">
          <reporter-output>
          </reporter-output>
        </test-method> <!-- logout -->
      </class> <!-- com.actiTime.testScripts.TaskModule -->
      <class name="com.actiTime.testScripts.UserModule">
        <test-method is-config="true" signature="openBrowser()[pri:0, instance:com.actiTime.testScripts.UserModule@5b239d7d]" started-at="2025-03-06T21:36:05 IST" name="openBrowser" finished-at="2025-03-06T21:36:07 IST" duration-ms="2294" status="PASS">
          <reporter-output>
          </reporter-output>
        </test-method> <!-- openBrowser -->
        <test-method is-config="true" signature="login()[pri:0, instance:com.actiTime.testScripts.UserModule@5b239d7d]" started-at="2025-03-06T21:36:07 IST" name="login" finished-at="2025-03-06T21:36:08 IST" duration-ms="868" status="PASS">
          <reporter-output>
          </reporter-output>
        </test-method> <!-- login -->
        <test-method signature="createUser()[pri:0, instance:com.actiTime.testScripts.UserModule@5b239d7d]" started-at="2025-03-06T21:36:08 IST" name="createUser" finished-at="2025-03-06T21:36:13 IST" duration-ms="4776" status="PASS">
          <reporter-output>
            <line>
              <![CDATA[user created]]>
            </line>
          </reporter-output>
        </test-method> <!-- createUser -->
        <test-method is-config="true" signature="logout()[pri:0, instance:com.actiTime.testScripts.UserModule@5b239d7d]" started-at="2025-03-06T21:36:13 IST" name="logout" finished-at="2025-03-06T21:36:16 IST" duration-ms="3323" status="PASS">
          <reporter-output>
          </reporter-output>
        </test-method> <!-- logout -->
        <test-method is-config="true" signature="closeBrowser()[pri:0, instance:com.actiTime.testScripts.UserModule@5b239d7d]" started-at="2025-03-06T21:36:29 IST" name="closeBrowser" finished-at="2025-03-06T21:36:30 IST" duration-ms="1024" status="PASS">
          <reporter-output>
          </reporter-output>
        </test-method> <!-- closeBrowser -->
      </class> <!-- com.actiTime.testScripts.UserModule -->
    </test> <!-- Test -->
  </suite> <!-- Suite -->
</testng-results>
