<?xml version="1.0" encoding="UTF-8"?>
<testng-results ignored="2" total="5" passed="3" failed="0" skipped="0">
  <reporter-output>
    <line>
      <![CDATA[All Customers customer is created successfully]]>
    </line>
    <line>
      <![CDATA[KARNATAKA BANK project is created successfully]]>
    </line>
  </reporter-output>
  <suite started-at="2025-02-26T20:20:06 IST" name="Suite" finished-at="2025-02-26T20:20:25 IST" duration-ms="18996">
    <groups>
    </groups>
    <test started-at="2025-02-26T20:20:06 IST" name="Test" finished-at="2025-02-26T20:20:25 IST" duration-ms="18996">
      <class name="com.actiTime.testScripts.TaskModule">
        <test-method is-config="true" signature="openBrowser()[pri:0, instance:com.actiTime.testScripts.TaskModule@5b239d7d]" started-at="2025-02-26T20:20:06 IST" name="openBrowser" finished-at="2025-02-26T20:20:08 IST" duration-ms="2477" status="PASS">
          <reporter-output>
          </reporter-output>
        </test-method> <!-- openBrowser -->
        <test-method is-config="true" signature="login()[pri:0, instance:com.actiTime.testScripts.TaskModule@5b239d7d]" started-at="2025-02-26T20:20:08 IST" name="login" finished-at="2025-02-26T20:20:09 IST" duration-ms="940" status="PASS">
          <reporter-output>
          </reporter-output>
        </test-method> <!-- login -->
        <test-method signature="createNewCust()[pri:0, instance:com.actiTime.testScripts.TaskModule@5b239d7d]" started-at="2025-02-26T20:20:09 IST" name="createNewCust" finished-at="2025-02-26T20:20:12 IST" duration-ms="2940" status="PASS">
          <reporter-output>
            <line>
              <![CDATA[All Customers customer is created successfully]]>
            </line>
          </reporter-output>
        </test-method> <!-- createNewCust -->
        <test-method is-config="true" signature="logout()[pri:0, instance:com.actiTime.testScripts.TaskModule@5b239d7d]" started-at="2025-02-26T20:20:12 IST" name="logout" finished-at="2025-02-26T20:20:14 IST" duration-ms="2436" status="PASS">
          <reporter-output>
          </reporter-output>
        </test-method> <!-- logout -->
        <test-method is-config="true" signature="login()[pri:0, instance:com.actiTime.testScripts.TaskModule@5b239d7d]" started-at="2025-02-26T20:20:14 IST" name="login" finished-at="2025-02-26T20:20:15 IST" duration-ms="500" status="PASS">
          <reporter-output>
          </reporter-output>
        </test-method> <!-- login -->
        <test-method signature="createNewProject()[pri:0, instance:com.actiTime.testScripts.TaskModule@5b239d7d]" started-at="2025-02-26T20:20:15 IST" name="createNewProject" finished-at="2025-02-26T20:20:18 IST" duration-ms="2760" status="PASS">
          <reporter-output>
            <line>
              <![CDATA[KARNATAKA BANK project is created successfully]]>
            </line>
          </reporter-output>
        </test-method> <!-- createNewProject -->
        <test-method is-config="true" signature="logout()[pri:0, instance:com.actiTime.testScripts.TaskModule@5b239d7d]" started-at="2025-02-26T20:20:18 IST" name="logout" finished-at="2025-02-26T20:20:18 IST" duration-ms="263" status="PASS">
          <reporter-output>
          </reporter-output>
        </test-method> <!-- logout -->
        <test-method is-config="true" signature="closeBrowser()[pri:0, instance:com.actiTime.testScripts.TaskModule@5b239d7d]" started-at="2025-02-26T20:20:24 IST" name="closeBrowser" finished-at="2025-02-26T20:20:25 IST" duration-ms="576" status="PASS">
          <reporter-output>
          </reporter-output>
        </test-method> <!-- closeBrowser -->
      </class> <!-- com.actiTime.testScripts.TaskModule -->
      <class name="com.actiTime.pom.UserListPage">
        <test-method is-config="true" signature="login()[pri:0, instance:com.actiTime.pom.UserListPage@245b4bdc]" started-at="2025-02-26T20:20:18 IST" name="login" finished-at="2025-02-26T20:20:18 IST" duration-ms="416" status="PASS">
          <reporter-output>
          </reporter-output>
        </test-method> <!-- login -->
        <test-method signature="createUser()[pri:0, instance:com.actiTime.pom.UserListPage@245b4bdc]" started-at="2025-02-26T20:20:18 IST" name="createUser" finished-at="2025-02-26T20:20:24 IST" duration-ms="5411" status="PASS">
          <reporter-output>
          </reporter-output>
        </test-method> <!-- createUser -->
        <test-method is-config="true" signature="logout()[pri:0, instance:com.actiTime.pom.UserListPage@245b4bdc]" started-at="2025-02-26T20:20:24 IST" name="logout" finished-at="2025-02-26T20:20:24 IST" duration-ms="220" status="PASS">
          <reporter-output>
          </reporter-output>
        </test-method> <!-- logout -->
      </class> <!-- com.actiTime.pom.UserListPage -->
    </test> <!-- Test -->
  </suite> <!-- Suite -->
</testng-results>
