<?xml version="1.0" encoding="UTF-8"?>
<!-- Generated by org.testng.reporters.JUnitXMLReporter -->
<testsuite ignored="2" hostname="LAPTOP-RL7JVSAU" failures="0" tests="3" name="Test" time="25.135" errors="0" timestamp="2025-03-06T21:36:30 IST">
  <testcase classname="com.actiTime.testScripts.UserModule" name="createUser" time="4.776"/>
  <testcase classname="com.actiTime.testScripts.TaskModule" name="createNewCust" time="2.767"/>
  <testcase classname="com.actiTime.testScripts.TaskModule" name="createNewProject" time="2.484"/>
  <testcase classname="com.actiTime.generic.BaseClass" name="@BeforeTest openBrowser" time="0.0">
    <ignored/>
  </testcase> <!-- @BeforeTest openBrowser -->
  <testcase classname="com.actiTime.generic.BaseClass" name="@AfterTest closeBrowser" time="0.0">
    <ignored/>
  </testcase> <!-- @AfterTest closeBrowser -->
</testsuite> <!-- Test -->
